03-04-2023 03:59:06 PM	This log contains information about the import schema operation into project 'FarmerInsurancePortal' on computer 'LAPTOP-OBB1CMMU' by user 'atuld'.
03-04-2023 03:59:06 PM	Import of database schema has started.
03-04-2023 03:59:09 PM	Gathering database credentials
03-04-2023 03:59:09 PM	Gathering database options
03-04-2023 03:59:09 PM	Gathering users
03-04-2023 03:59:09 PM	Gathering roles
03-04-2023 03:59:09 PM	Gathering application roles
03-04-2023 03:59:09 PM	Gathering role memberships
03-04-2023 03:59:09 PM	Gathering filegroups
03-04-2023 03:59:09 PM	Gathering full-text catalogs
03-04-2023 03:59:09 PM	Gathering assemblies
03-04-2023 03:59:09 PM	Gathering certificates
03-04-2023 03:59:09 PM	Gathering asymmetric keys
03-04-2023 03:59:09 PM	Gathering symmetric keys
03-04-2023 03:59:09 PM	Gathering encrypted symmetric keys
03-04-2023 03:59:09 PM	Gathering schemas
03-04-2023 03:59:09 PM	Gathering XML schema collections
03-04-2023 03:59:09 PM	Gathering user-defined data types
03-04-2023 03:59:09 PM	Gathering user-defined types
03-04-2023 03:59:09 PM	Gathering table types
03-04-2023 03:59:09 PM	Gathering unique keys for table types
03-04-2023 03:59:09 PM	Gathering primary keys for table types
03-04-2023 03:59:09 PM	Gathering indexes for table types
03-04-2023 03:59:09 PM	Gathering check constraints for table types
03-04-2023 03:59:09 PM	Gathering default constraints for table types
03-04-2023 03:59:09 PM	Gathering partition functions
03-04-2023 03:59:09 PM	Gathering partition schemes
03-04-2023 03:59:09 PM	Gathering functions
03-04-2023 03:59:09 PM	Gathering encrypted functions
03-04-2023 03:59:09 PM	Gathering aggregates
03-04-2023 03:59:09 PM	Gathering procedures
03-04-2023 03:59:09 PM	Gathering encrypted procedures
03-04-2023 03:59:09 PM	Gathering tables
03-04-2023 03:59:09 PM	Gathering primary keys
03-04-2023 03:59:09 PM	Gathering unique constraints
03-04-2023 03:59:09 PM	Gathering foreign keys
03-04-2023 03:59:09 PM	Gathering default constraints
03-04-2023 03:59:09 PM	Gathering check constraints
03-04-2023 03:59:09 PM	Gathering views
03-04-2023 03:59:09 PM	Gathering encrypted views
03-04-2023 03:59:09 PM	Gathering indexes
03-04-2023 03:59:09 PM	Gathering statistics
03-04-2023 03:59:09 PM	Gathering full-text index stoplists
03-04-2023 03:59:09 PM	Gathering search property lists
03-04-2023 03:59:09 PM	Gathering search properties
03-04-2023 03:59:09 PM	Gathering full-text indexes
03-04-2023 03:59:09 PM	Gathering column store indexes
03-04-2023 03:59:09 PM	Gathering spatial indexes
03-04-2023 03:59:09 PM	Gathering XML indexes
03-04-2023 03:59:09 PM	Gathering Selective XML indexes
03-04-2023 03:59:09 PM	Gathering encrypted triggers
03-04-2023 03:59:09 PM	Gathering triggers
03-04-2023 03:59:09 PM	Gathering encrypted and clr ddl triggers
03-04-2023 03:59:09 PM	Gathering ddl triggers
03-04-2023 03:59:09 PM	Gathering synonyms
03-04-2023 03:59:09 PM	Gathering defaults
03-04-2023 03:59:09 PM	Gathering data constraint uddt bindings
03-04-2023 03:59:09 PM	Gathering rules
03-04-2023 03:59:09 PM	Gathering data constraint uddt bindings
03-04-2023 03:59:09 PM	Gathering message types
03-04-2023 03:59:09 PM	Gathering queues
03-04-2023 03:59:09 PM	Gathering contracts
03-04-2023 03:59:09 PM	Gathering services
03-04-2023 03:59:09 PM	Gathering event notifications
03-04-2023 03:59:09 PM	Gathering remote service bindings
03-04-2023 03:59:09 PM	Gathering broker priorities
03-04-2023 03:59:09 PM	Gathering signatures
03-04-2023 03:59:09 PM	Gathering data compression options
03-04-2023 03:59:09 PM	Gathering sequence types
03-04-2023 03:59:09 PM	Gathering security policies
03-04-2023 03:59:09 PM	Gather column encryption keys
03-04-2023 03:59:09 PM	Gathering column master keys
03-04-2023 03:59:09 PM	Gathering external data sources
03-04-2023 03:59:09 PM	Gathering external file formats
03-04-2023 03:59:09 PM	Gathering external tables
03-04-2023 03:59:09 PM	Gathering extended properties
03-04-2023 03:59:09 PM	Gathering credentials
03-04-2023 03:59:09 PM	Gathering logins
03-04-2023 03:59:09 PM	Gathering server audits
03-04-2023 03:59:09 PM	Scanning project for duplicate elements
03-04-2023 03:59:09 PM	Finished duplicate element processing
03-04-2023 03:59:09 PM	Finished importing database.
03-04-2023 03:59:09 PM	A summary of the import was saved to the following location: D:\Projects\FarmerCropInsurance\FarmerPortalDb\FarmerInsurancePortal\Import Schema Logs\FarmerInsurancePorta_20230403102906.log
03-04-2023 03:59:09 PM	Click Finish to continue...
